<?xml version="1.0" encoding="UTF-8"?>
<!-- Generated by org.testng.reporters.JUnitXMLReporter -->
<testsuite ignored="0" hostname="DESKTOP-RDDD0JM" failures="0" tests="4" name="Test" time="22.259" errors="0" timestamp="2021-03-17T11:06:16 IST">
  <testcase classname="testpack.FoodsignAccepteance" name="login" time="1.812"/>
  <testcase classname="testpack.FoodsignAccepteance" name="addnewroles" time="4.715"/>
  <testcase classname="testpack.FoodsignAccepteance" name="useradd" time="2.341"/>
  <testcase classname="testpack.FoodsignAccepteance" name="logout" time="0.682"/>
</testsuite> <!-- Test -->
